0 info it worked if it ends with ok
1 verbose cli [ 'C:\\Program Files\\nodejs\\node.exe',
1 verbose cli   'C:\\Program Files\\nodejs\\node_modules\\npm\\bin\\npm-cli.js',
1 verbose cli   'run',
1 verbose cli   'build-dev' ]
2 info using npm@3.10.8
3 info using node@v6.9.0
4 verbose run-script [ 'prebuild-dev', 'build-dev', 'postbuild-dev' ]
5 info lifecycle typescript-tasks@1.0.0~prebuild-dev: typescript-tasks@1.0.0
6 silly lifecycle typescript-tasks@1.0.0~prebuild-dev: no script for prebuild-dev, continuing
7 info lifecycle typescript-tasks@1.0.0~build-dev: typescript-tasks@1.0.0
8 verbose lifecycle typescript-tasks@1.0.0~build-dev: unsafe-perm in lifecycle true
9 verbose lifecycle typescript-tasks@1.0.0~build-dev: PATH: C:\Users\Ihar_Saroka\AppData\Roaming\nvm\v6.9.0\node_modules\npm\bin\node-gyp-bin;D:\MyGitRepositories\TypeScript_tasks\node_modules\.bin;C:\Program Files\Git\mingw64\bin;C:\Program Files\Git\usr\bin;C:\Users\Ihar_Saroka\bin;C:\Python27;C:\Python27\Scripts;C:\WINDOWS\system32;C:\WINDOWS;C:\WINDOWS\System32\Wbem;C:\WINDOWS\System32\WindowsPowerShell\v1.0;C:\Program Files\TortoiseSVN\bin;C:\Program Files\Microsoft VS Code\bin;C:\Users\Ihar_Saroka\AppData\Roaming\nvm;C:\Program Files\nodejs;C:\Program Files (x86)\Yarn\bin;C:\Users\Ihar_Saroka\AppData\Local\Microsoft\WindowsApps;C:\Program Files\Microsoft VS Code\bin;C:\Users\Ihar_Saroka\AppData\Roaming\npm;C:\Users\Ihar_Saroka\AppData\Roaming\nvm;C:\Program Files\nodejs;C:\Users\Ihar_Saroka\AppData\Local\Yarn\bin
10 verbose lifecycle typescript-tasks@1.0.0~build-dev: CWD: D:\MyGitRepositories\TypeScript_tasks
11 silly lifecycle typescript-tasks@1.0.0~build-dev: Args: [ '/d /s /c',
11 silly lifecycle   'webpack --mode development ./src/index.ts --output ./dist/main.js' ]
12 silly lifecycle typescript-tasks@1.0.0~build-dev: Returned: code: 2  signal: null
13 info lifecycle typescript-tasks@1.0.0~build-dev: Failed to exec build-dev script
14 verbose stack Error: typescript-tasks@1.0.0 build-dev: `webpack --mode development ./src/index.ts --output ./dist/main.js`
14 verbose stack Exit status 2
14 verbose stack     at EventEmitter.<anonymous> (C:\Users\Ihar_Saroka\AppData\Roaming\nvm\v6.9.0\node_modules\npm\lib\utils\lifecycle.js:255:16)
14 verbose stack     at emitTwo (events.js:106:13)
14 verbose stack     at EventEmitter.emit (events.js:191:7)
14 verbose stack     at ChildProcess.<anonymous> (C:\Users\Ihar_Saroka\AppData\Roaming\nvm\v6.9.0\node_modules\npm\lib\utils\spawn.js:40:14)
14 verbose stack     at emitTwo (events.js:106:13)
14 verbose stack     at ChildProcess.emit (events.js:191:7)
14 verbose stack     at maybeClose (internal/child_process.js:877:16)
14 verbose stack     at Process.ChildProcess._handle.onexit (internal/child_process.js:226:5)
15 verbose pkgid typescript-tasks@1.0.0
16 verbose cwd D:\MyGitRepositories\TypeScript_tasks
17 error Windows_NT 10.0.16299
18 error argv "C:\\Program Files\\nodejs\\node.exe" "C:\\Program Files\\nodejs\\node_modules\\npm\\bin\\npm-cli.js" "run" "build-dev"
19 error node v6.9.0
20 error npm  v3.10.8
21 error code ELIFECYCLE
22 error typescript-tasks@1.0.0 build-dev: `webpack --mode development ./src/index.ts --output ./dist/main.js`
22 error Exit status 2
23 error Failed at the typescript-tasks@1.0.0 build-dev script 'webpack --mode development ./src/index.ts --output ./dist/main.js'.
23 error Make sure you have the latest version of node.js and npm installed.
23 error If you do, this is most likely a problem with the typescript-tasks package,
23 error not with npm itself.
23 error Tell the author that this fails on your system:
23 error     webpack --mode development ./src/index.ts --output ./dist/main.js
23 error You can get information on how to open an issue for this project with:
23 error     npm bugs typescript-tasks
23 error Or if that isn't available, you can get their info via:
23 error     npm owner ls typescript-tasks
23 error There is likely additional logging output above.
24 verbose exit [ 1, true ]
